execve("./a.out", ["./a.out"], 0x7fff88dfb490 /* 37 vars */) = 0
brk(NULL)                               = 0x5e340089d000
mmap(NULL, 8192, PROT_READ|PROT_WRITE, MAP_PRIVATE|MAP_ANONYMOUS, -1, 0) = 0x7514d0b70000
access("/etc/ld.so.preload", R_OK)      = -1 ENOENT (No such file or directory)
openat(AT_FDCWD, "/etc/ld.so.cache", O_RDONLY|O_CLOEXEC) = 3
fstat(3, {st_mode=S_IFREG|0644, st_size=187203, ...}) = 0
mmap(NULL, 187203, PROT_READ, MAP_PRIVATE, 3, 0) = 0x7514d0b42000
close(3)                                = 0
openat(AT_FDCWD, "/lib/x86_64-linux-gnu/libc.so.6", O_RDONLY|O_CLOEXEC) = 3
read(3, "\177ELF\2\1\1\3\0\0\0\0\0\0\0\0\3\0>\0\1\0\0\0\220\243\2\0\0\0\0\0"..., 832) = 832
pread64(3, "\6\0\0\0\4\0\0\0@\0\0\0\0\0\0\0@\0\0\0\0\0\0\0@\0\0\0\0\0\0\0"..., 784, 64) = 784
fstat(3, {st_mode=S_IFREG|0755, st_size=2125328, ...}) = 0
pread64(3, "\6\0\0\0\4\0\0\0@\0\0\0\0\0\0\0@\0\0\0\0\0\0\0@\0\0\0\0\0\0\0"..., 784, 64) = 784
mmap(NULL, 2170256, PROT_READ, MAP_PRIVATE|MAP_DENYWRITE, 3, 0) = 0x7514d0800000
mmap(0x7514d0828000, 1605632, PROT_READ|PROT_EXEC, MAP_PRIVATE|MAP_FIXED|MAP_DENYWRITE, 3, 0x28000) = 0x7514d0828000
mmap(0x7514d09b0000, 323584, PROT_READ, MAP_PRIVATE|MAP_FIXED|MAP_DENYWRITE, 3, 0x1b0000) = 0x7514d09b0000
mmap(0x7514d09ff000, 24576, PROT_READ|PROT_WRITE, MAP_PRIVATE|MAP_FIXED|MAP_DENYWRITE, 3, 0x1fe000) = 0x7514d09ff000
mmap(0x7514d0a05000, 52624, PROT_READ|PROT_WRITE, MAP_PRIVATE|MAP_FIXED|MAP_ANONYMOUS, -1, 0) = 0x7514d0a05000
close(3)                                = 0
mmap(NULL, 12288, PROT_READ|PROT_WRITE, MAP_PRIVATE|MAP_ANONYMOUS, -1, 0) = 0x7514d0b3f000
arch_prctl(ARCH_SET_FS, 0x7514d0b3f740) = 0
set_tid_address(0x7514d0b3fa10)         = 943109
set_robust_list(0x7514d0b3fa20, 24)     = 0
rseq(0x7514d0b40060, 0x20, 0, 0x53053053) = 0
mprotect(0x7514d09ff000, 16384, PROT_READ) = 0
mprotect(0x5e33c375e000, 4096, PROT_READ) = 0
mprotect(0x7514d0ba8000, 8192, PROT_READ) = 0
prlimit64(0, RLIMIT_STACK, NULL, {rlim_cur=8192*1024, rlim_max=RLIM64_INFINITY}) = 0
munmap(0x7514d0b42000, 187203)          = 0
rt_sigaction(SIGRT_1, {sa_handler=0x7514d0899530, sa_mask=[], sa_flags=SA_RESTORER|SA_ONSTACK|SA_RESTART|SA_SIGINFO, sa_restorer=0x7514d0845330}, NULL, 8) = 0
rt_sigprocmask(SIG_UNBLOCK, [RTMIN RT_1], NULL, 8) = 0
mmap(NULL, 8392704, PROT_NONE, MAP_PRIVATE|MAP_ANONYMOUS|MAP_STACK, -1, 0) = 0x7514cfe00000
mprotect(0x7514cfe01000, 8388608, PROT_READ|PROT_WRITE) = 0
getrandom("\x70\x8b\xfb\x6f\xa0\xe4\x0b\xea", 8, GRND_NONBLOCK) = 8
brk(NULL)                               = 0x5e340089d000
brk(0x5e34008be000)                     = 0x5e34008be000
rt_sigprocmask(SIG_BLOCK, ~[], [], 8)   = 0
clone3({flags=CLONE_VM|CLONE_FS|CLONE_FILES|CLONE_SIGHAND|CLONE_THREAD|CLONE_SYSVSEM|CLONE_SETTLS|CLONE_PARENT_SETTID|CLONE_CHILD_CLEARTID, child_tid=0x7514d0600990, parent_tid=0x7514d0600990, exit_signal=0, stack=0x7514cfe00000, stack_size=0x7fff80, tls=0x7514d06006c0} => {parent_tid=[943110]}, 88) = 943110
rt_sigprocmask(SIG_SETMASK, [], NULL, 8) = 0
mmap(NULL, 8392704, PROT_NONE, MAP_PRIVATE|MAP_ANONYMOUS|MAP_STACK, -1, 0) = 0x7514cf400000
mprotect(0x7514cf401000, 8388608, PROT_READ|PROT_WRITE) = 0
rt_sigprocmask(SIG_BLOCK, ~[], [], 8)   = 0
clone3({flags=CLONE_VM|CLONE_FS|CLONE_FILES|CLONE_SIGHAND|CLONE_THREAD|CLONE_SYSVSEM|CLONE_SETTLS|CLONE_PARENT_SETTID|CLONE_CHILD_CLEARTID, child_tid=0x7514cfc00990, parent_tid=0x7514cfc00990, exit_signal=0, stack=0x7514cf400000, stack_size=0x7fff80, tls=0x7514cfc006c0} => {parent_tid=[943111]}, 88) = 943111
rt_sigprocmask(SIG_SETMASK, [], NULL, 8) = 0
mmap(NULL, 8392704, PROT_NONE, MAP_PRIVATE|MAP_ANONYMOUS|MAP_STACK, -1, 0) = 0x7514cea00000
mprotect(0x7514cea01000, 8388608, PROT_READ|PROT_WRITE) = 0
rt_sigprocmask(SIG_BLOCK, ~[], [], 8)   = 0
clone3({flags=CLONE_VM|CLONE_FS|CLONE_FILES|CLONE_SIGHAND|CLONE_THREAD|CLONE_SYSVSEM|CLONE_SETTLS|CLONE_PARENT_SETTID|CLONE_CHILD_CLEARTID, child_tid=0x7514cf200990, parent_tid=0x7514cf200990, exit_signal=0, stack=0x7514cea00000, stack_size=0x7fff80, tls=0x7514cf2006c0} => {parent_tid=[943112]}, 88) = 943112
rt_sigprocmask(SIG_SETMASK, [], NULL, 8) = 0
mmap(NULL, 8392704, PROT_NONE, MAP_PRIVATE|MAP_ANONYMOUS|MAP_STACK, -1, 0) = 0x7514ce000000
mprotect(0x7514ce001000, 8388608, PROT_READ|PROT_WRITE) = 0
rt_sigprocmask(SIG_BLOCK, ~[], [], 8)   = 0
clone3({flags=CLONE_VM|CLONE_FS|CLONE_FILES|CLONE_SIGHAND|CLONE_THREAD|CLONE_SYSVSEM|CLONE_SETTLS|CLONE_PARENT_SETTID|CLONE_CHILD_CLEARTID, child_tid=0x7514ce800990, parent_tid=0x7514ce800990, exit_signal=0, stack=0x7514ce000000, stack_size=0x7fff80, tls=0x7514ce8006c0} => {parent_tid=[943113]}, 88) = 943113
rt_sigprocmask(SIG_SETMASK, [], NULL, 8) = 0
mmap(NULL, 8392704, PROT_NONE, MAP_PRIVATE|MAP_ANONYMOUS|MAP_STACK, -1, 0) = 0x7514cd600000
mprotect(0x7514cd601000, 8388608, PROT_READ|PROT_WRITE) = 0
rt_sigprocmask(SIG_BLOCK, ~[], [], 8)   = 0
clone3({flags=CLONE_VM|CLONE_FS|CLONE_FILES|CLONE_SIGHAND|CLONE_THREAD|CLONE_SYSVSEM|CLONE_SETTLS|CLONE_PARENT_SETTID|CLONE_CHILD_CLEARTID, child_tid=0x7514cde00990, parent_tid=0x7514cde00990, exit_signal=0, stack=0x7514cd600000, stack_size=0x7fff80, tls=0x7514cde006c0} => {parent_tid=[943114]}, 88) = 943114
rt_sigprocmask(SIG_SETMASK, [], NULL, 8) = 0
futex(0x7514d0600990, FUTEX_WAIT_BITSET|FUTEX_CLOCK_REALTIME, 943110, NULL, FUTEX_BITSET_MATCH_ANY) = 0
futex(0x7514cfc00990, FUTEX_WAIT_BITSET|FUTEX_CLOCK_REALTIME, 943111, NULL, FUTEX_BITSET_MATCH_ANY) = 0
futex(0x7514cf200990, FUTEX_WAIT_BITSET|FUTEX_CLOCK_REALTIME, 943112, NULL, FUTEX_BITSET_MATCH_ANY) = 0
futex(0x7514ce800990, FUTEX_WAIT_BITSET|FUTEX_CLOCK_REALTIME, 943113, NULL, FUTEX_BITSET_MATCH_ANY) = 0
futex(0x7514cde00990, FUTEX_WAIT_BITSET|FUTEX_CLOCK_REALTIME, 943114, NULL, FUTEX_BITSET_MATCH_ANY) = 0
munmap(0x7514cfe00000, 8392704)         = 0
fstat(1, {st_mode=S_IFCHR|0620, st_rdev=makedev(0x88, 0xc), ...}) = 0
write(1, "Final counter value: 5000000\n", 29) = 29
exit_group(0)                           = ?
+++ exited with 0 +++
