execve("./a.out", ["./a.out"], 0x7ffd11624050 /* 37 vars */) = 0
brk(NULL)                               = 0x5dcb0f99d000
mmap(NULL, 8192, PROT_READ|PROT_WRITE, MAP_PRIVATE|MAP_ANONYMOUS, -1, 0) = 0x764b85d61000
access("/etc/ld.so.preload", R_OK)      = -1 ENOENT (No such file or directory)
openat(AT_FDCWD, "/etc/ld.so.cache", O_RDONLY|O_CLOEXEC) = 3
fstat(3, {st_mode=S_IFREG|0644, st_size=187203, ...}) = 0
mmap(NULL, 187203, PROT_READ, MAP_PRIVATE, 3, 0) = 0x764b85d33000
close(3)                                = 0
openat(AT_FDCWD, "/lib/x86_64-linux-gnu/libc.so.6", O_RDONLY|O_CLOEXEC) = 3
read(3, "\177ELF\2\1\1\3\0\0\0\0\0\0\0\0\3\0>\0\1\0\0\0\220\243\2\0\0\0\0\0"..., 832) = 832
pread64(3, "\6\0\0\0\4\0\0\0@\0\0\0\0\0\0\0@\0\0\0\0\0\0\0@\0\0\0\0\0\0\0"..., 784, 64) = 784
fstat(3, {st_mode=S_IFREG|0755, st_size=2125328, ...}) = 0
pread64(3, "\6\0\0\0\4\0\0\0@\0\0\0\0\0\0\0@\0\0\0\0\0\0\0@\0\0\0\0\0\0\0"..., 784, 64) = 784
mmap(NULL, 2170256, PROT_READ, MAP_PRIVATE|MAP_DENYWRITE, 3, 0) = 0x764b85a00000
mmap(0x764b85a28000, 1605632, PROT_READ|PROT_EXEC, MAP_PRIVATE|MAP_FIXED|MAP_DENYWRITE, 3, 0x28000) = 0x764b85a28000
mmap(0x764b85bb0000, 323584, PROT_READ, MAP_PRIVATE|MAP_FIXED|MAP_DENYWRITE, 3, 0x1b0000) = 0x764b85bb0000
mmap(0x764b85bff000, 24576, PROT_READ|PROT_WRITE, MAP_PRIVATE|MAP_FIXED|MAP_DENYWRITE, 3, 0x1fe000) = 0x764b85bff000
mmap(0x764b85c05000, 52624, PROT_READ|PROT_WRITE, MAP_PRIVATE|MAP_FIXED|MAP_ANONYMOUS, -1, 0) = 0x764b85c05000
close(3)                                = 0
mmap(NULL, 12288, PROT_READ|PROT_WRITE, MAP_PRIVATE|MAP_ANONYMOUS, -1, 0) = 0x764b85d30000
arch_prctl(ARCH_SET_FS, 0x764b85d30740) = 0
set_tid_address(0x764b85d30a10)         = 946147
set_robust_list(0x764b85d30a20, 24)     = 0
rseq(0x764b85d31060, 0x20, 0, 0x53053053) = 0
mprotect(0x764b85bff000, 16384, PROT_READ) = 0
mprotect(0x5dcae3b90000, 4096, PROT_READ) = 0
mprotect(0x764b85d99000, 8192, PROT_READ) = 0
prlimit64(0, RLIMIT_STACK, NULL, {rlim_cur=8192*1024, rlim_max=RLIM64_INFINITY}) = 0
munmap(0x764b85d33000, 187203)          = 0
futex(0x7fff6a9a50b4, FUTEX_UNLOCK_PI_PRIVATE) = -1 EPERM (Operation not permitted)
sched_setscheduler(946147, SCHED_FIFO, [10]) = -1 EPERM (Operation not permitted)
rt_sigaction(SIGRT_1, {sa_handler=0x764b85a99530, sa_mask=[], sa_flags=SA_RESTORER|SA_ONSTACK|SA_RESTART|SA_SIGINFO, sa_restorer=0x764b85a45330}, NULL, 8) = 0
rt_sigprocmask(SIG_UNBLOCK, [RTMIN RT_1], NULL, 8) = 0
mmap(NULL, 8392704, PROT_NONE, MAP_PRIVATE|MAP_ANONYMOUS|MAP_STACK, -1, 0) = 0x764b85000000
mprotect(0x764b85001000, 8388608, PROT_READ|PROT_WRITE) = 0
getrandom("\xf7\xef\x2c\xb2\xae\x4f\x5e\xb0", 8, GRND_NONBLOCK) = 8
brk(NULL)                               = 0x5dcb0f99d000
brk(0x5dcb0f9be000)                     = 0x5dcb0f9be000
rt_sigprocmask(SIG_BLOCK, ~[], [], 8)   = 0
clone3({flags=CLONE_VM|CLONE_FS|CLONE_FILES|CLONE_SIGHAND|CLONE_THREAD|CLONE_SYSVSEM|CLONE_SETTLS|CLONE_PARENT_SETTID|CLONE_CHILD_CLEARTID, child_tid=0x764b85800990, parent_tid=0x764b85800990, exit_signal=0, stack=0x764b85000000, stack_size=0x7fff80, tls=0x764b858006c0} => {parent_tid=[946148]}, 88) = 946148
rt_sigprocmask(SIG_SETMASK, [], NULL, 8) = 0
sched_setscheduler(946148, SCHED_FIFO, [5]) = -1 EPERM (Operation not permitted)
mmap(NULL, 8392704, PROT_NONE, MAP_PRIVATE|MAP_ANONYMOUS|MAP_STACK, -1, 0) = 0x764b84600000
mprotect(0x764b84601000, 8388608, PROT_READ|PROT_WRITE) = 0
rt_sigprocmask(SIG_BLOCK, ~[], [], 8)   = 0
clone3({flags=CLONE_VM|CLONE_FS|CLONE_FILES|CLONE_SIGHAND|CLONE_THREAD|CLONE_SYSVSEM|CLONE_SETTLS|CLONE_PARENT_SETTID|CLONE_CHILD_CLEARTID, child_tid=0x764b84e00990, parent_tid=0x764b84e00990, exit_signal=0, stack=0x764b84600000, stack_size=0x7fff80, tls=0x764b84e006c0} => {parent_tid=[946149]}, 88) = 946149
rt_sigprocmask(SIG_SETMASK, [], NULL, 8) = 0
sched_setscheduler(946149, SCHED_FIFO, [20]) = -1 EPERM (Operation not permitted)
futex(0x764b85800990, FUTEX_WAIT_BITSET|FUTEX_CLOCK_REALTIME, 946148, NULL, FUTEX_BITSET_MATCH_ANY) = 0
futex(0x764b84e00990, FUTEX_WAIT_BITSET|FUTEX_CLOCK_REALTIME, 946149, NULL, FUTEX_BITSET_MATCH_ANY) = -1 EAGAIN (Resource temporarily unavailable)
exit_group(0)                           = ?
+++ exited with 0 +++
