execve("./a.out", ["./a.out"], 0x7ffdbc6ef090 /* 37 vars */) = 0
brk(NULL)                               = 0x5d4766b60000
mmap(NULL, 8192, PROT_READ|PROT_WRITE, MAP_PRIVATE|MAP_ANONYMOUS, -1, 0) = 0x7421bd34b000
access("/etc/ld.so.preload", R_OK)      = -1 ENOENT (No such file or directory)
openat(AT_FDCWD, "/etc/ld.so.cache", O_RDONLY|O_CLOEXEC) = 3
fstat(3, {st_mode=S_IFREG|0644, st_size=187203, ...}) = 0
mmap(NULL, 187203, PROT_READ, MAP_PRIVATE, 3, 0) = 0x7421bd31d000
close(3)                                = 0
openat(AT_FDCWD, "/lib/x86_64-linux-gnu/libc.so.6", O_RDONLY|O_CLOEXEC) = 3
read(3, "\177ELF\2\1\1\3\0\0\0\0\0\0\0\0\3\0>\0\1\0\0\0\220\243\2\0\0\0\0\0"..., 832) = 832
pread64(3, "\6\0\0\0\4\0\0\0@\0\0\0\0\0\0\0@\0\0\0\0\0\0\0@\0\0\0\0\0\0\0"..., 784, 64) = 784
fstat(3, {st_mode=S_IFREG|0755, st_size=2125328, ...}) = 0
pread64(3, "\6\0\0\0\4\0\0\0@\0\0\0\0\0\0\0@\0\0\0\0\0\0\0@\0\0\0\0\0\0\0"..., 784, 64) = 784
mmap(NULL, 2170256, PROT_READ, MAP_PRIVATE|MAP_DENYWRITE, 3, 0) = 0x7421bd000000
mmap(0x7421bd028000, 1605632, PROT_READ|PROT_EXEC, MAP_PRIVATE|MAP_FIXED|MAP_DENYWRITE, 3, 0x28000) = 0x7421bd028000
mmap(0x7421bd1b0000, 323584, PROT_READ, MAP_PRIVATE|MAP_FIXED|MAP_DENYWRITE, 3, 0x1b0000) = 0x7421bd1b0000
mmap(0x7421bd1ff000, 24576, PROT_READ|PROT_WRITE, MAP_PRIVATE|MAP_FIXED|MAP_DENYWRITE, 3, 0x1fe000) = 0x7421bd1ff000
mmap(0x7421bd205000, 52624, PROT_READ|PROT_WRITE, MAP_PRIVATE|MAP_FIXED|MAP_ANONYMOUS, -1, 0) = 0x7421bd205000
close(3)                                = 0
mmap(NULL, 12288, PROT_READ|PROT_WRITE, MAP_PRIVATE|MAP_ANONYMOUS, -1, 0) = 0x7421bd31a000
arch_prctl(ARCH_SET_FS, 0x7421bd31a740) = 0
set_tid_address(0x7421bd31aa10)         = 941042
set_robust_list(0x7421bd31aa20, 24)     = 0
rseq(0x7421bd31b060, 0x20, 0, 0x53053053) = 0
mprotect(0x7421bd1ff000, 16384, PROT_READ) = 0
mprotect(0x5d473b0ef000, 4096, PROT_READ) = 0
mprotect(0x7421bd383000, 8192, PROT_READ) = 0
prlimit64(0, RLIMIT_STACK, NULL, {rlim_cur=8192*1024, rlim_max=RLIM64_INFINITY}) = 0
munmap(0x7421bd31d000, 187203)          = 0
rt_sigaction(SIGRT_1, {sa_handler=0x7421bd099530, sa_mask=[], sa_flags=SA_RESTORER|SA_ONSTACK|SA_RESTART|SA_SIGINFO, sa_restorer=0x7421bd045330}, NULL, 8) = 0
rt_sigprocmask(SIG_UNBLOCK, [RTMIN RT_1], NULL, 8) = 0
mmap(NULL, 8392704, PROT_NONE, MAP_PRIVATE|MAP_ANONYMOUS|MAP_STACK, -1, 0) = 0x7421bc600000
mprotect(0x7421bc601000, 8388608, PROT_READ|PROT_WRITE) = 0
getrandom("\x25\x76\xa6\x72\xc9\xbd\xb2\x8e", 8, GRND_NONBLOCK) = 8
brk(NULL)                               = 0x5d4766b60000
brk(0x5d4766b81000)                     = 0x5d4766b81000
rt_sigprocmask(SIG_BLOCK, ~[], [], 8)   = 0
clone3({flags=CLONE_VM|CLONE_FS|CLONE_FILES|CLONE_SIGHAND|CLONE_THREAD|CLONE_SYSVSEM|CLONE_SETTLS|CLONE_PARENT_SETTID|CLONE_CHILD_CLEARTID, child_tid=0x7421bce00990, parent_tid=0x7421bce00990, exit_signal=0, stack=0x7421bc600000, stack_size=0x7fff80, tls=0x7421bce006c0} => {parent_tid=[941043]}, 88) = 941043
rt_sigprocmask(SIG_SETMASK, [], NULL, 8) = 0
mmap(NULL, 8392704, PROT_NONE, MAP_PRIVATE|MAP_ANONYMOUS|MAP_STACK, -1, 0) = 0x7421bbc00000
mprotect(0x7421bbc01000, 8388608, PROT_READ|PROT_WRITE) = 0
rt_sigprocmask(SIG_BLOCK, ~[], [], 8)   = 0
clone3({flags=CLONE_VM|CLONE_FS|CLONE_FILES|CLONE_SIGHAND|CLONE_THREAD|CLONE_SYSVSEM|CLONE_SETTLS|CLONE_PARENT_SETTID|CLONE_CHILD_CLEARTID, child_tid=0x7421bc400990, parent_tid=0x7421bc400990, exit_signal=0, stack=0x7421bbc00000, stack_size=0x7fff80, tls=0x7421bc4006c0} => {parent_tid=[941044]}, 88) = 941044
rt_sigprocmask(SIG_SETMASK, [], NULL, 8) = 0
mmap(NULL, 8392704, PROT_NONE, MAP_PRIVATE|MAP_ANONYMOUS|MAP_STACK, -1, 0) = 0x7421bb200000
mprotect(0x7421bb201000, 8388608, PROT_READ|PROT_WRITE) = 0
rt_sigprocmask(SIG_BLOCK, ~[], [], 8)   = 0
clone3({flags=CLONE_VM|CLONE_FS|CLONE_FILES|CLONE_SIGHAND|CLONE_THREAD|CLONE_SYSVSEM|CLONE_SETTLS|CLONE_PARENT_SETTID|CLONE_CHILD_CLEARTID, child_tid=0x7421bba00990, parent_tid=0x7421bba00990, exit_signal=0, stack=0x7421bb200000, stack_size=0x7fff80, tls=0x7421bba006c0} => {parent_tid=[941045]}, 88) = 941045
rt_sigprocmask(SIG_SETMASK, [], NULL, 8) = 0
mmap(NULL, 8392704, PROT_NONE, MAP_PRIVATE|MAP_ANONYMOUS|MAP_STACK, -1, 0) = 0x7421ba800000
mprotect(0x7421ba801000, 8388608, PROT_READ|PROT_WRITE) = 0
rt_sigprocmask(SIG_BLOCK, ~[], [], 8)   = 0
clone3({flags=CLONE_VM|CLONE_FS|CLONE_FILES|CLONE_SIGHAND|CLONE_THREAD|CLONE_SYSVSEM|CLONE_SETTLS|CLONE_PARENT_SETTID|CLONE_CHILD_CLEARTID, child_tid=0x7421bb000990, parent_tid=0x7421bb000990, exit_signal=0, stack=0x7421ba800000, stack_size=0x7fff80, tls=0x7421bb0006c0} => {parent_tid=[941046]}, 88) = 941046
rt_sigprocmask(SIG_SETMASK, [], NULL, 8) = 0
mmap(NULL, 8392704, PROT_NONE, MAP_PRIVATE|MAP_ANONYMOUS|MAP_STACK, -1, 0) = 0x7421b9e00000
mprotect(0x7421b9e01000, 8388608, PROT_READ|PROT_WRITE) = 0
rt_sigprocmask(SIG_BLOCK, ~[], [], 8)   = 0
clone3({flags=CLONE_VM|CLONE_FS|CLONE_FILES|CLONE_SIGHAND|CLONE_THREAD|CLONE_SYSVSEM|CLONE_SETTLS|CLONE_PARENT_SETTID|CLONE_CHILD_CLEARTID, child_tid=0x7421ba600990, parent_tid=0x7421ba600990, exit_signal=0, stack=0x7421b9e00000, stack_size=0x7fff80, tls=0x7421ba6006c0} => {parent_tid=[941047]}, 88) = 941047
rt_sigprocmask(SIG_SETMASK, [], NULL, 8) = 0
futex(0x7421bce00990, FUTEX_WAIT_BITSET|FUTEX_CLOCK_REALTIME, 941043, NULL, FUTEX_BITSET_MATCH_ANY) = 0
futex(0x7421bc400990, FUTEX_WAIT_BITSET|FUTEX_CLOCK_REALTIME, 941044, NULL, FUTEX_BITSET_MATCH_ANY) = 0
futex(0x7421bba00990, FUTEX_WAIT_BITSET|FUTEX_CLOCK_REALTIME, 941045, NULL, FUTEX_BITSET_MATCH_ANY) = 0
futex(0x7421ba600990, FUTEX_WAIT_BITSET|FUTEX_CLOCK_REALTIME, 941047, NULL, FUTEX_BITSET_MATCH_ANY) = 0
munmap(0x7421bc600000, 8392704)         = 0
fstat(1, {st_mode=S_IFCHR|0620, st_rdev=makedev(0x88, 0xc), ...}) = 0
write(1, "Final counter value: 5000000\n", 29) = 29
exit_group(0)                           = ?
+++ exited with 0 +++
